[2023-02-14T15:11:55.770] [WARN] default - Ruta inexistente
[2023-02-14T15:12:39.689] [ERROR] default - Data joined is void
[2023-02-14T15:12:40.434] [WARN] default - Ruta inexistente
[2023-02-14T15:13:09.627] [ERROR] default - Data joined is void
[2023-02-14T15:13:10.022] [WARN] default - Ruta inexistente
[2023-02-14T15:13:55.250] [WARN] default - Ruta inexistente
[2023-02-14T15:14:25.911] [WARN] default - Ruta inexistente
[2023-02-14T15:17:38.672] [WARN] default - Ruta inexistente
[2023-02-14T15:17:43.747] [WARN] default - Ruta inexistente
[2023-02-14T15:17:53.697] [WARN] default - Ruta inexistente
[2023-02-14T15:17:53.822] [WARN] default - Ruta inexistente
[2023-02-14T15:17:59.275] [WARN] default - Ruta inexistente
[2023-02-14T15:18:38.548] [WARN] default - Ruta inexistente
[2023-02-14T15:18:51.654] [WARN] default - Ruta inexistente
[2023-02-14T15:19:21.733] [WARN] default - Ruta inexistente
[2023-02-14T15:22:02.838] [ERROR] default - searched product does't exist
[2023-02-14T15:22:02.976] [WARN] default - Ruta inexistente
[2023-02-14T15:23:15.612] [ERROR] default - searched product doesn't exist
[2023-02-14T15:23:15.774] [WARN] default - Ruta inexistente
[2023-02-14T15:43:31.649] [WARN] default - Ruta inexistente
[2023-02-14T15:43:31.736] [WARN] default - Ruta inexistente
[2023-02-14T15:43:37.933] [WARN] default - Ruta inexistente
[2023-02-14T15:47:56.199] [WARN] default - Ruta inexistente
[2023-02-14T15:48:17.395] [WARN] default - Ruta inexistente
[2023-02-14T20:28:24.364] [WARN] default - Ruta inexistente
[2023-02-15T14:46:27.013] [WARN] default - Ruta inexistente
[2023-02-15T14:46:27.019] [WARN] default - Ruta inexistente
[2023-02-15T14:46:27.022] [WARN] default - Ruta inexistente
[2023-02-15T14:46:27.024] [WARN] default - Ruta inexistente
[2023-02-15T14:46:27.025] [WARN] default - Ruta inexistente
[2023-02-15T14:46:27.026] [WARN] default - Ruta inexistente
[2023-02-15T14:46:27.027] [WARN] default - Ruta inexistente
[2023-02-15T14:46:27.028] [WARN] default - Ruta inexistente
[2023-02-15T14:46:27.030] [WARN] default - Ruta inexistente
[2023-02-15T14:46:27.032] [WARN] default - Ruta inexistente
[2023-02-15T14:46:27.033] [WARN] default - Ruta inexistente
[2023-02-15T14:46:27.034] [WARN] default - Ruta inexistente
[2023-02-15T14:46:27.036] [WARN] default - Ruta inexistente
[2023-02-15T14:46:27.037] [WARN] default - Ruta inexistente
[2023-02-15T14:46:27.038] [WARN] default - Ruta inexistente
[2023-02-15T14:46:27.039] [WARN] default - Ruta inexistente
[2023-02-15T14:46:27.040] [WARN] default - Ruta inexistente
[2023-02-15T14:46:27.041] [WARN] default - Ruta inexistente
[2023-02-15T14:46:27.042] [WARN] default - Ruta inexistente
[2023-02-15T14:46:27.043] [WARN] default - Ruta inexistente
[2023-02-15T14:46:27.043] [WARN] default - Ruta inexistente
[2023-02-15T14:46:27.044] [WARN] default - Ruta inexistente
[2023-02-15T14:46:27.045] [WARN] default - Ruta inexistente
[2023-02-15T14:46:27.046] [WARN] default - Ruta inexistente
[2023-02-15T14:46:27.046] [WARN] default - Ruta inexistente
[2023-02-15T14:46:27.047] [WARN] default - Ruta inexistente
[2023-02-15T14:46:27.048] [WARN] default - Ruta inexistente
[2023-02-15T14:46:27.049] [WARN] default - Ruta inexistente
[2023-02-15T14:46:27.049] [WARN] default - Ruta inexistente
[2023-02-15T14:46:27.051] [WARN] default - Ruta inexistente
[2023-02-15T14:46:27.051] [WARN] default - Ruta inexistente
[2023-02-15T14:46:27.052] [WARN] default - Ruta inexistente
[2023-02-15T14:46:27.053] [WARN] default - Ruta inexistente
[2023-02-15T14:46:27.054] [WARN] default - Ruta inexistente
[2023-02-15T14:46:27.055] [WARN] default - Ruta inexistente
[2023-02-15T14:46:27.057] [WARN] default - Ruta inexistente
[2023-02-15T14:46:27.058] [WARN] default - Ruta inexistente
[2023-02-15T14:46:27.059] [WARN] default - Ruta inexistente
[2023-02-15T14:46:27.059] [WARN] default - Ruta inexistente
[2023-02-15T14:46:27.060] [WARN] default - Ruta inexistente
[2023-02-15T14:46:27.061] [WARN] default - Ruta inexistente
[2023-02-15T14:46:27.062] [WARN] default - Ruta inexistente
[2023-02-15T14:46:27.063] [WARN] default - Ruta inexistente
[2023-02-15T14:46:27.064] [WARN] default - Ruta inexistente
[2023-02-15T14:46:27.065] [WARN] default - Ruta inexistente
[2023-02-15T14:46:27.066] [WARN] default - Ruta inexistente
[2023-02-15T14:46:27.067] [WARN] default - Ruta inexistente
[2023-02-15T14:46:27.068] [WARN] default - Ruta inexistente
[2023-02-15T14:46:27.068] [WARN] default - Ruta inexistente
[2023-02-15T14:46:27.069] [WARN] default - Ruta inexistente
[2023-02-15T14:46:27.070] [WARN] default - Ruta inexistente
[2023-02-15T14:46:27.071] [WARN] default - Ruta inexistente
[2023-02-15T14:46:27.071] [WARN] default - Ruta inexistente
[2023-02-15T14:46:27.072] [WARN] default - Ruta inexistente
[2023-02-15T14:46:27.073] [WARN] default - Ruta inexistente
[2023-02-15T14:46:27.074] [WARN] default - Ruta inexistente
[2023-02-15T14:46:27.074] [WARN] default - Ruta inexistente
[2023-02-15T14:46:27.075] [WARN] default - Ruta inexistente
[2023-02-15T14:46:27.076] [WARN] default - Ruta inexistente
[2023-02-15T14:46:27.077] [WARN] default - Ruta inexistente
[2023-02-15T14:46:27.077] [WARN] default - Ruta inexistente
[2023-02-15T14:46:27.078] [WARN] default - Ruta inexistente
[2023-02-15T14:46:27.079] [WARN] default - Ruta inexistente
[2023-02-15T14:46:27.079] [WARN] default - Ruta inexistente
[2023-02-15T14:46:27.080] [WARN] default - Ruta inexistente
[2023-02-15T14:46:27.081] [WARN] default - Ruta inexistente
[2023-02-15T14:46:27.084] [WARN] default - Ruta inexistente
[2023-02-15T14:46:27.085] [WARN] default - Ruta inexistente
[2023-02-15T14:46:27.086] [WARN] default - Ruta inexistente
[2023-02-15T14:46:27.087] [WARN] default - Ruta inexistente
[2023-02-15T14:46:27.087] [WARN] default - Ruta inexistente
[2023-02-15T14:46:27.088] [WARN] default - Ruta inexistente
[2023-02-15T14:46:27.090] [WARN] default - Ruta inexistente
[2023-02-15T14:46:27.091] [WARN] default - Ruta inexistente
[2023-02-15T14:46:27.091] [WARN] default - Ruta inexistente
[2023-02-15T14:46:27.092] [WARN] default - Ruta inexistente
[2023-02-15T14:46:27.093] [WARN] default - Ruta inexistente
[2023-02-15T14:46:27.093] [WARN] default - Ruta inexistente
[2023-02-15T14:46:27.094] [WARN] default - Ruta inexistente
[2023-02-15T14:46:27.095] [WARN] default - Ruta inexistente
[2023-02-15T14:46:27.095] [WARN] default - Ruta inexistente
[2023-02-15T14:46:27.096] [WARN] default - Ruta inexistente
[2023-02-15T14:46:27.097] [WARN] default - Ruta inexistente
[2023-02-15T14:46:27.098] [WARN] default - Ruta inexistente
[2023-02-15T14:46:27.098] [WARN] default - Ruta inexistente
[2023-02-15T14:46:27.099] [WARN] default - Ruta inexistente
[2023-02-15T14:46:27.100] [WARN] default - Ruta inexistente
[2023-02-15T14:46:27.100] [WARN] default - Ruta inexistente
[2023-02-15T14:46:27.101] [WARN] default - Ruta inexistente
[2023-02-15T14:46:27.101] [WARN] default - Ruta inexistente
[2023-02-15T14:46:27.102] [WARN] default - Ruta inexistente
[2023-02-15T14:46:27.103] [WARN] default - Ruta inexistente
[2023-02-15T14:46:27.103] [WARN] default - Ruta inexistente
[2023-02-15T14:46:27.104] [WARN] default - Ruta inexistente
[2023-02-15T14:46:27.105] [WARN] default - Ruta inexistente
[2023-02-15T14:46:27.106] [WARN] default - Ruta inexistente
[2023-02-15T14:46:27.106] [WARN] default - Ruta inexistente
[2023-02-15T14:46:27.107] [WARN] default - Ruta inexistente
[2023-02-15T14:46:27.107] [WARN] default - Ruta inexistente
[2023-02-15T14:46:27.108] [WARN] default - Ruta inexistente
[2023-02-15T14:46:27.108] [WARN] default - Ruta inexistente
[2023-02-15T14:46:27.109] [WARN] default - Ruta inexistente
[2023-02-15T14:46:27.110] [WARN] default - Ruta inexistente
[2023-02-15T14:46:27.110] [WARN] default - Ruta inexistente
[2023-02-15T14:46:27.111] [WARN] default - Ruta inexistente
[2023-02-15T14:46:27.111] [WARN] default - Ruta inexistente
[2023-02-15T14:46:27.112] [WARN] default - Ruta inexistente
[2023-02-15T14:46:27.113] [WARN] default - Ruta inexistente
[2023-02-15T14:46:27.114] [WARN] default - Ruta inexistente
[2023-02-15T14:46:27.115] [WARN] default - Ruta inexistente
[2023-02-15T14:46:27.117] [WARN] default - Ruta inexistente
[2023-02-15T14:46:27.118] [WARN] default - Ruta inexistente
[2023-02-15T14:46:27.118] [WARN] default - Ruta inexistente
[2023-02-15T14:46:27.120] [WARN] default - Ruta inexistente
[2023-02-15T14:46:27.121] [WARN] default - Ruta inexistente
[2023-02-15T14:46:27.122] [WARN] default - Ruta inexistente
[2023-02-15T14:46:27.123] [WARN] default - Ruta inexistente
[2023-02-15T14:46:27.123] [WARN] default - Ruta inexistente
[2023-02-15T14:46:27.124] [WARN] default - Ruta inexistente
[2023-02-15T14:46:27.125] [WARN] default - Ruta inexistente
[2023-02-15T14:46:27.126] [WARN] default - Ruta inexistente
[2023-02-15T14:46:27.126] [WARN] default - Ruta inexistente
[2023-02-15T14:46:27.127] [WARN] default - Ruta inexistente
[2023-02-15T14:46:27.128] [WARN] default - Ruta inexistente
[2023-02-15T14:46:27.129] [WARN] default - Ruta inexistente
[2023-02-15T14:46:27.130] [WARN] default - Ruta inexistente
[2023-02-15T14:46:27.130] [WARN] default - Ruta inexistente
[2023-02-15T14:46:27.132] [WARN] default - Ruta inexistente
[2023-02-15T14:46:27.132] [WARN] default - Ruta inexistente
[2023-02-15T14:46:27.134] [WARN] default - Ruta inexistente
[2023-02-15T14:46:27.135] [WARN] default - Ruta inexistente
[2023-02-15T14:46:27.136] [WARN] default - Ruta inexistente
[2023-02-15T14:46:27.137] [WARN] default - Ruta inexistente
[2023-02-15T14:46:27.138] [WARN] default - Ruta inexistente
[2023-02-15T14:46:27.139] [WARN] default - Ruta inexistente
[2023-02-15T14:46:27.140] [WARN] default - Ruta inexistente
[2023-02-15T14:46:27.141] [WARN] default - Ruta inexistente
[2023-02-15T14:46:27.149] [WARN] default - Ruta inexistente
[2023-02-15T14:46:27.151] [WARN] default - Ruta inexistente
[2023-02-15T14:46:27.152] [WARN] default - Ruta inexistente
[2023-02-15T14:46:27.153] [WARN] default - Ruta inexistente
[2023-02-15T14:46:27.154] [WARN] default - Ruta inexistente
[2023-02-15T14:46:27.155] [WARN] default - Ruta inexistente
[2023-02-15T14:46:27.157] [WARN] default - Ruta inexistente
[2023-02-15T14:46:27.158] [WARN] default - Ruta inexistente
[2023-02-15T14:46:27.158] [WARN] default - Ruta inexistente
[2023-02-15T14:46:27.159] [WARN] default - Ruta inexistente
[2023-02-15T14:46:27.160] [WARN] default - Ruta inexistente
[2023-02-15T14:46:27.161] [WARN] default - Ruta inexistente
[2023-02-15T14:46:27.161] [WARN] default - Ruta inexistente
[2023-02-15T14:46:27.162] [WARN] default - Ruta inexistente
[2023-02-15T14:46:27.163] [WARN] default - Ruta inexistente
[2023-02-15T14:46:27.164] [WARN] default - Ruta inexistente
[2023-02-15T14:46:27.165] [WARN] default - Ruta inexistente
[2023-02-15T14:46:27.165] [WARN] default - Ruta inexistente
[2023-02-15T14:46:27.166] [WARN] default - Ruta inexistente
[2023-02-15T14:46:27.166] [WARN] default - Ruta inexistente
[2023-02-15T14:46:27.167] [WARN] default - Ruta inexistente
[2023-02-15T14:46:27.168] [WARN] default - Ruta inexistente
[2023-02-15T14:46:27.168] [WARN] default - Ruta inexistente
[2023-02-15T14:46:27.169] [WARN] default - Ruta inexistente
[2023-02-15T14:46:27.169] [WARN] default - Ruta inexistente
[2023-02-15T14:46:27.170] [WARN] default - Ruta inexistente
[2023-02-15T14:46:27.171] [WARN] default - Ruta inexistente
[2023-02-15T14:46:27.171] [WARN] default - Ruta inexistente
[2023-02-15T14:46:27.172] [WARN] default - Ruta inexistente
[2023-02-15T14:46:27.172] [WARN] default - Ruta inexistente
[2023-02-15T14:46:27.173] [WARN] default - Ruta inexistente
[2023-02-15T14:46:27.173] [WARN] default - Ruta inexistente
[2023-02-15T14:46:27.174] [WARN] default - Ruta inexistente
[2023-02-15T14:46:27.175] [WARN] default - Ruta inexistente
[2023-02-15T14:46:27.177] [WARN] default - Ruta inexistente
[2023-02-15T14:46:27.177] [WARN] default - Ruta inexistente
[2023-02-15T14:46:27.178] [WARN] default - Ruta inexistente
[2023-02-15T14:46:27.179] [WARN] default - Ruta inexistente
[2023-02-15T14:46:27.180] [WARN] default - Ruta inexistente
[2023-02-15T14:46:27.181] [WARN] default - Ruta inexistente
[2023-02-15T14:46:27.182] [WARN] default - Ruta inexistente
[2023-02-15T14:46:27.183] [WARN] default - Ruta inexistente
[2023-02-15T14:46:27.183] [WARN] default - Ruta inexistente
[2023-02-15T14:46:27.184] [WARN] default - Ruta inexistente
[2023-02-15T14:46:27.185] [WARN] default - Ruta inexistente
[2023-02-15T14:46:27.185] [WARN] default - Ruta inexistente
[2023-02-15T14:46:27.186] [WARN] default - Ruta inexistente
[2023-02-15T14:46:27.187] [WARN] default - Ruta inexistente
[2023-02-15T14:46:27.188] [WARN] default - Ruta inexistente
[2023-02-15T14:46:27.189] [WARN] default - Ruta inexistente
[2023-02-15T14:46:27.191] [WARN] default - Ruta inexistente
[2023-02-15T14:46:27.192] [WARN] default - Ruta inexistente
[2023-02-15T14:46:27.194] [WARN] default - Ruta inexistente
[2023-02-15T14:46:27.197] [WARN] default - Ruta inexistente
[2023-02-15T14:46:27.198] [WARN] default - Ruta inexistente
[2023-02-15T14:46:27.199] [WARN] default - Ruta inexistente
[2023-02-15T14:46:27.199] [WARN] default - Ruta inexistente
[2023-02-15T14:46:27.202] [WARN] default - Ruta inexistente
[2023-02-15T14:46:27.202] [WARN] default - Ruta inexistente
[2023-02-15T14:46:27.203] [WARN] default - Ruta inexistente
[2023-02-15T14:46:27.204] [WARN] default - Ruta inexistente
[2023-02-15T14:46:27.204] [WARN] default - Ruta inexistente
[2023-02-15T14:46:27.205] [WARN] default - Ruta inexistente
[2023-02-15T14:46:27.206] [WARN] default - Ruta inexistente
[2023-02-15T14:46:27.207] [WARN] default - Ruta inexistente
[2023-02-15T14:46:27.207] [WARN] default - Ruta inexistente
[2023-02-15T14:46:27.209] [WARN] default - Ruta inexistente
[2023-02-15T14:46:27.210] [WARN] default - Ruta inexistente
[2023-02-15T14:46:27.210] [WARN] default - Ruta inexistente
[2023-02-15T14:46:27.211] [WARN] default - Ruta inexistente
[2023-02-15T14:46:27.212] [WARN] default - Ruta inexistente
[2023-02-15T14:46:27.213] [WARN] default - Ruta inexistente
[2023-02-15T14:46:27.215] [WARN] default - Ruta inexistente
[2023-02-15T14:46:27.216] [WARN] default - Ruta inexistente
[2023-02-15T14:46:27.217] [WARN] default - Ruta inexistente
[2023-02-15T14:46:27.217] [WARN] default - Ruta inexistente
[2023-02-15T14:46:27.218] [WARN] default - Ruta inexistente
[2023-02-15T14:46:27.219] [WARN] default - Ruta inexistente
[2023-02-15T14:46:27.219] [WARN] default - Ruta inexistente
[2023-02-15T14:46:27.220] [WARN] default - Ruta inexistente
[2023-02-15T14:46:27.221] [WARN] default - Ruta inexistente
[2023-02-15T14:46:27.222] [WARN] default - Ruta inexistente
[2023-02-15T14:46:27.227] [WARN] default - Ruta inexistente
[2023-02-15T14:46:27.228] [WARN] default - Ruta inexistente
[2023-02-15T14:46:27.229] [WARN] default - Ruta inexistente
[2023-02-15T14:46:27.231] [WARN] default - Ruta inexistente
[2023-02-15T14:46:27.232] [WARN] default - Ruta inexistente
[2023-02-15T14:46:27.232] [WARN] default - Ruta inexistente
[2023-02-15T14:46:27.234] [WARN] default - Ruta inexistente
[2023-02-15T14:46:27.234] [WARN] default - Ruta inexistente
[2023-02-15T14:46:27.236] [WARN] default - Ruta inexistente
[2023-02-15T14:46:27.237] [WARN] default - Ruta inexistente
[2023-02-15T14:46:27.240] [WARN] default - Ruta inexistente
[2023-02-15T14:46:27.244] [WARN] default - Ruta inexistente
[2023-02-15T14:46:27.245] [WARN] default - Ruta inexistente
[2023-02-15T14:46:27.246] [WARN] default - Ruta inexistente
[2023-02-15T14:46:27.246] [WARN] default - Ruta inexistente
[2023-02-15T14:46:27.247] [WARN] default - Ruta inexistente
[2023-02-15T14:46:27.247] [WARN] default - Ruta inexistente
[2023-02-15T14:46:27.248] [WARN] default - Ruta inexistente
[2023-02-15T14:46:27.249] [WARN] default - Ruta inexistente
[2023-02-15T14:46:27.249] [WARN] default - Ruta inexistente
[2023-02-15T14:46:27.250] [WARN] default - Ruta inexistente
[2023-02-15T14:46:27.251] [WARN] default - Ruta inexistente
[2023-02-15T14:46:27.252] [WARN] default - Ruta inexistente
[2023-02-15T14:46:27.253] [WARN] default - Ruta inexistente
[2023-02-15T14:46:27.253] [WARN] default - Ruta inexistente
[2023-02-15T14:46:27.254] [WARN] default - Ruta inexistente
[2023-02-15T14:46:27.255] [WARN] default - Ruta inexistente
[2023-02-15T14:46:27.257] [WARN] default - Ruta inexistente
[2023-02-15T14:46:27.258] [WARN] default - Ruta inexistente
[2023-02-15T14:46:27.258] [WARN] default - Ruta inexistente
[2023-02-15T14:46:27.259] [WARN] default - Ruta inexistente
[2023-02-15T14:46:27.259] [WARN] default - Ruta inexistente
[2023-02-15T14:46:27.260] [WARN] default - Ruta inexistente
[2023-02-15T14:46:27.260] [WARN] default - Ruta inexistente
[2023-02-15T14:46:27.261] [WARN] default - Ruta inexistente
[2023-02-15T14:46:27.261] [WARN] default - Ruta inexistente
[2023-02-15T14:46:27.262] [WARN] default - Ruta inexistente
[2023-02-15T14:46:27.262] [WARN] default - Ruta inexistente
[2023-02-15T14:46:27.263] [WARN] default - Ruta inexistente
[2023-02-15T14:46:27.264] [WARN] default - Ruta inexistente
[2023-02-15T14:46:27.264] [WARN] default - Ruta inexistente
[2023-02-15T14:46:27.266] [WARN] default - Ruta inexistente
[2023-02-15T14:46:27.266] [WARN] default - Ruta inexistente
[2023-02-15T14:46:27.267] [WARN] default - Ruta inexistente
[2023-02-15T14:46:27.268] [WARN] default - Ruta inexistente
[2023-02-15T14:46:27.269] [WARN] default - Ruta inexistente
[2023-02-15T14:46:27.270] [WARN] default - Ruta inexistente
[2023-02-15T14:46:27.270] [WARN] default - Ruta inexistente
[2023-02-15T14:46:27.271] [WARN] default - Ruta inexistente
[2023-02-15T14:46:27.272] [WARN] default - Ruta inexistente
[2023-02-15T14:46:27.272] [WARN] default - Ruta inexistente
[2023-02-15T14:46:27.273] [WARN] default - Ruta inexistente
[2023-02-15T14:46:27.274] [WARN] default - Ruta inexistente
[2023-02-15T14:46:27.275] [WARN] default - Ruta inexistente
[2023-02-15T14:46:27.276] [WARN] default - Ruta inexistente
[2023-02-15T14:46:27.277] [WARN] default - Ruta inexistente
[2023-02-15T14:46:27.277] [WARN] default - Ruta inexistente
[2023-02-15T14:46:27.278] [WARN] default - Ruta inexistente
[2023-02-15T14:46:27.279] [WARN] default - Ruta inexistente
[2023-02-15T14:46:27.279] [WARN] default - Ruta inexistente
[2023-02-15T14:46:27.280] [WARN] default - Ruta inexistente
[2023-02-15T14:46:27.280] [WARN] default - Ruta inexistente
[2023-02-15T14:46:27.281] [WARN] default - Ruta inexistente
[2023-02-15T14:46:27.281] [WARN] default - Ruta inexistente
[2023-02-15T14:46:27.282] [WARN] default - Ruta inexistente
[2023-02-15T14:46:27.283] [WARN] default - Ruta inexistente
[2023-02-15T14:46:27.284] [WARN] default - Ruta inexistente
[2023-02-15T14:46:27.285] [WARN] default - Ruta inexistente
[2023-02-15T14:46:27.286] [WARN] default - Ruta inexistente
[2023-02-15T14:46:27.286] [WARN] default - Ruta inexistente
[2023-02-15T14:46:27.287] [WARN] default - Ruta inexistente
[2023-02-15T14:46:27.288] [WARN] default - Ruta inexistente
[2023-02-15T14:46:27.289] [WARN] default - Ruta inexistente
[2023-02-15T14:46:27.290] [WARN] default - Ruta inexistente
[2023-02-15T14:46:27.291] [WARN] default - Ruta inexistente
[2023-02-15T14:46:27.293] [WARN] default - Ruta inexistente
[2023-02-15T14:46:27.293] [WARN] default - Ruta inexistente
[2023-02-15T14:46:27.301] [WARN] default - Ruta inexistente
[2023-02-15T14:46:27.302] [WARN] default - Ruta inexistente
[2023-02-15T14:46:27.303] [WARN] default - Ruta inexistente
[2023-02-15T14:46:27.304] [WARN] default - Ruta inexistente
[2023-02-15T14:46:27.305] [WARN] default - Ruta inexistente
[2023-02-15T14:46:27.306] [WARN] default - Ruta inexistente
[2023-02-15T14:46:27.307] [WARN] default - Ruta inexistente
[2023-02-15T14:46:27.307] [WARN] default - Ruta inexistente
[2023-02-15T14:46:27.308] [WARN] default - Ruta inexistente
[2023-02-15T14:46:27.309] [WARN] default - Ruta inexistente
[2023-02-15T14:46:27.310] [WARN] default - Ruta inexistente
[2023-02-15T14:46:27.311] [WARN] default - Ruta inexistente
[2023-02-15T14:46:27.312] [WARN] default - Ruta inexistente
[2023-02-15T14:46:27.313] [WARN] default - Ruta inexistente
[2023-02-15T14:46:27.314] [WARN] default - Ruta inexistente
[2023-02-15T14:46:27.315] [WARN] default - Ruta inexistente
[2023-02-15T14:46:27.316] [WARN] default - Ruta inexistente
[2023-02-15T14:46:27.316] [WARN] default - Ruta inexistente
[2023-02-15T14:46:27.317] [WARN] default - Ruta inexistente
[2023-02-15T14:46:27.318] [WARN] default - Ruta inexistente
[2023-02-15T14:46:27.318] [WARN] default - Ruta inexistente
[2023-02-15T14:46:27.320] [WARN] default - Ruta inexistente
[2023-02-15T14:46:27.321] [WARN] default - Ruta inexistente
[2023-02-15T14:46:27.322] [WARN] default - Ruta inexistente
[2023-02-15T14:46:27.322] [WARN] default - Ruta inexistente
[2023-02-15T14:46:27.323] [WARN] default - Ruta inexistente
[2023-02-15T14:46:27.324] [WARN] default - Ruta inexistente
[2023-02-15T14:46:27.325] [WARN] default - Ruta inexistente
[2023-02-15T14:46:27.326] [WARN] default - Ruta inexistente
[2023-02-15T14:46:27.326] [WARN] default - Ruta inexistente
[2023-02-15T14:46:27.328] [WARN] default - Ruta inexistente
[2023-02-15T14:46:27.329] [WARN] default - Ruta inexistente
[2023-02-15T14:46:27.330] [WARN] default - Ruta inexistente
[2023-02-15T14:46:27.331] [WARN] default - Ruta inexistente
[2023-02-15T14:46:27.337] [WARN] default - Ruta inexistente
[2023-02-15T14:46:27.338] [WARN] default - Ruta inexistente
[2023-02-15T14:46:27.339] [WARN] default - Ruta inexistente
[2023-02-15T14:46:27.340] [WARN] default - Ruta inexistente
[2023-02-15T14:46:27.341] [WARN] default - Ruta inexistente
[2023-02-15T14:46:27.342] [WARN] default - Ruta inexistente
[2023-02-15T14:46:27.343] [WARN] default - Ruta inexistente
[2023-02-15T14:46:27.344] [WARN] default - Ruta inexistente
[2023-02-15T14:46:27.345] [WARN] default - Ruta inexistente
[2023-02-15T14:46:27.346] [WARN] default - Ruta inexistente
[2023-02-15T14:46:27.347] [WARN] default - Ruta inexistente
[2023-02-15T14:46:27.348] [WARN] default - Ruta inexistente
[2023-02-15T14:46:27.349] [WARN] default - Ruta inexistente
[2023-02-15T14:46:27.350] [WARN] default - Ruta inexistente
[2023-02-15T14:46:27.351] [WARN] default - Ruta inexistente
[2023-02-15T14:46:27.352] [WARN] default - Ruta inexistente
[2023-02-15T14:46:27.352] [WARN] default - Ruta inexistente
[2023-02-15T14:46:27.353] [WARN] default - Ruta inexistente
[2023-02-15T14:46:27.354] [WARN] default - Ruta inexistente
[2023-02-15T14:46:27.354] [WARN] default - Ruta inexistente
[2023-02-15T14:46:27.355] [WARN] default - Ruta inexistente
[2023-02-15T14:46:27.356] [WARN] default - Ruta inexistente
[2023-02-15T14:46:27.358] [WARN] default - Ruta inexistente
[2023-02-15T14:46:27.358] [WARN] default - Ruta inexistente
[2023-02-15T14:46:27.359] [WARN] default - Ruta inexistente
[2023-02-15T14:46:27.360] [WARN] default - Ruta inexistente
[2023-02-15T14:46:27.362] [WARN] default - Ruta inexistente
[2023-02-15T14:46:27.363] [WARN] default - Ruta inexistente
[2023-02-15T14:46:27.364] [WARN] default - Ruta inexistente
[2023-02-15T14:46:27.364] [WARN] default - Ruta inexistente
[2023-02-15T14:46:27.365] [WARN] default - Ruta inexistente
[2023-02-15T14:46:27.366] [WARN] default - Ruta inexistente
[2023-02-15T14:46:27.367] [WARN] default - Ruta inexistente
[2023-02-15T14:46:27.368] [WARN] default - Ruta inexistente
[2023-02-15T14:46:27.369] [WARN] default - Ruta inexistente
[2023-02-15T14:46:27.370] [WARN] default - Ruta inexistente
[2023-02-15T14:46:27.370] [WARN] default - Ruta inexistente
[2023-02-15T14:46:27.371] [WARN] default - Ruta inexistente
[2023-02-15T14:46:27.372] [WARN] default - Ruta inexistente
[2023-02-15T14:46:27.372] [WARN] default - Ruta inexistente
[2023-02-15T14:46:27.373] [WARN] default - Ruta inexistente
[2023-02-15T14:46:27.374] [WARN] default - Ruta inexistente
[2023-02-15T14:46:27.375] [WARN] default - Ruta inexistente
[2023-02-15T14:46:27.376] [WARN] default - Ruta inexistente
[2023-02-15T14:46:27.377] [WARN] default - Ruta inexistente
[2023-02-15T14:46:27.377] [WARN] default - Ruta inexistente
[2023-02-15T14:46:27.378] [WARN] default - Ruta inexistente
[2023-02-15T14:46:27.378] [WARN] default - Ruta inexistente
[2023-02-15T14:46:27.379] [WARN] default - Ruta inexistente
[2023-02-15T14:46:27.380] [WARN] default - Ruta inexistente
[2023-02-15T14:46:27.381] [WARN] default - Ruta inexistente
[2023-02-15T14:46:27.382] [WARN] default - Ruta inexistente
[2023-02-15T14:46:27.383] [WARN] default - Ruta inexistente
[2023-02-15T14:46:27.386] [WARN] default - Ruta inexistente
[2023-02-15T14:46:27.386] [WARN] default - Ruta inexistente
[2023-02-15T14:46:27.388] [WARN] default - Ruta inexistente
[2023-02-15T14:46:27.389] [WARN] default - Ruta inexistente
[2023-02-15T14:46:27.390] [WARN] default - Ruta inexistente
[2023-02-15T14:46:27.391] [WARN] default - Ruta inexistente
[2023-02-15T14:46:27.392] [WARN] default - Ruta inexistente
[2023-02-15T14:46:27.404] [WARN] default - Ruta inexistente
[2023-02-15T14:46:27.404] [WARN] default - Ruta inexistente
[2023-02-15T14:46:27.405] [WARN] default - Ruta inexistente
[2023-02-15T14:46:27.406] [WARN] default - Ruta inexistente
[2023-02-15T14:46:27.406] [WARN] default - Ruta inexistente
[2023-02-15T14:46:27.407] [WARN] default - Ruta inexistente
[2023-02-15T14:46:27.408] [WARN] default - Ruta inexistente
[2023-02-15T14:46:27.409] [WARN] default - Ruta inexistente
[2023-02-15T14:46:27.409] [WARN] default - Ruta inexistente
[2023-02-15T14:46:27.410] [WARN] default - Ruta inexistente
[2023-02-15T14:46:27.410] [WARN] default - Ruta inexistente
[2023-02-15T14:46:27.411] [WARN] default - Ruta inexistente
[2023-02-15T14:46:27.411] [WARN] default - Ruta inexistente
[2023-02-15T14:46:27.412] [WARN] default - Ruta inexistente
[2023-02-15T14:46:27.412] [WARN] default - Ruta inexistente
[2023-02-15T14:46:27.413] [WARN] default - Ruta inexistente
[2023-02-15T14:46:27.413] [WARN] default - Ruta inexistente
[2023-02-15T14:46:27.414] [WARN] default - Ruta inexistente
[2023-02-15T14:46:27.414] [WARN] default - Ruta inexistente
[2023-02-15T14:46:27.415] [WARN] default - Ruta inexistente
[2023-02-15T14:46:27.416] [WARN] default - Ruta inexistente
[2023-02-15T14:46:27.416] [WARN] default - Ruta inexistente
[2023-02-15T14:46:27.417] [WARN] default - Ruta inexistente
[2023-02-15T14:46:27.417] [WARN] default - Ruta inexistente
[2023-02-15T14:46:27.419] [WARN] default - Ruta inexistente
[2023-02-15T14:46:27.419] [WARN] default - Ruta inexistente
[2023-02-15T14:46:27.420] [WARN] default - Ruta inexistente
[2023-02-15T14:46:27.420] [WARN] default - Ruta inexistente
[2023-02-15T14:46:27.421] [WARN] default - Ruta inexistente
[2023-02-15T14:46:27.422] [WARN] default - Ruta inexistente
[2023-02-15T14:46:27.423] [WARN] default - Ruta inexistente
[2023-02-15T14:46:27.424] [WARN] default - Ruta inexistente
[2023-02-15T14:46:27.424] [WARN] default - Ruta inexistente
[2023-02-15T14:46:27.425] [WARN] default - Ruta inexistente
[2023-02-15T14:46:27.426] [WARN] default - Ruta inexistente
[2023-02-15T14:46:27.426] [WARN] default - Ruta inexistente
[2023-02-15T14:46:27.427] [WARN] default - Ruta inexistente
[2023-02-15T14:46:27.428] [WARN] default - Ruta inexistente
[2023-02-15T14:46:27.429] [WARN] default - Ruta inexistente
[2023-02-15T14:46:27.430] [WARN] default - Ruta inexistente
[2023-02-15T14:46:27.431] [WARN] default - Ruta inexistente
[2023-02-15T14:46:27.431] [WARN] default - Ruta inexistente
[2023-02-15T14:46:27.432] [WARN] default - Ruta inexistente
[2023-02-15T14:46:27.433] [WARN] default - Ruta inexistente
[2023-02-15T14:46:27.434] [WARN] default - Ruta inexistente
[2023-02-15T14:46:27.435] [WARN] default - Ruta inexistente
[2023-02-15T14:46:27.435] [WARN] default - Ruta inexistente
[2023-02-15T14:46:27.436] [WARN] default - Ruta inexistente
[2023-02-15T14:46:27.437] [WARN] default - Ruta inexistente
[2023-02-15T14:46:27.437] [WARN] default - Ruta inexistente
[2023-02-15T14:46:27.438] [WARN] default - Ruta inexistente
[2023-02-15T14:46:27.439] [WARN] default - Ruta inexistente
[2023-02-15T14:46:27.439] [WARN] default - Ruta inexistente
[2023-02-15T14:46:27.440] [WARN] default - Ruta inexistente
[2023-02-15T14:46:27.440] [WARN] default - Ruta inexistente
[2023-02-15T14:46:27.441] [WARN] default - Ruta inexistente
[2023-02-15T14:46:27.442] [WARN] default - Ruta inexistente
[2023-02-15T14:46:27.442] [WARN] default - Ruta inexistente
[2023-02-15T14:46:27.443] [WARN] default - Ruta inexistente
[2023-02-15T14:46:27.444] [WARN] default - Ruta inexistente
[2023-02-15T14:46:27.445] [WARN] default - Ruta inexistente
[2023-02-15T14:46:27.446] [WARN] default - Ruta inexistente
[2023-02-15T14:46:27.446] [WARN] default - Ruta inexistente
[2023-02-15T14:46:27.447] [WARN] default - Ruta inexistente
[2023-02-15T14:46:27.448] [WARN] default - Ruta inexistente
[2023-02-15T14:46:27.449] [WARN] default - Ruta inexistente
[2023-02-15T14:46:27.449] [WARN] default - Ruta inexistente
[2023-02-15T14:46:27.451] [WARN] default - Ruta inexistente
[2023-02-15T14:46:27.452] [WARN] default - Ruta inexistente
[2023-02-15T14:46:27.453] [WARN] default - Ruta inexistente
[2023-02-15T14:46:27.455] [WARN] default - Ruta inexistente
[2023-02-15T14:46:27.456] [WARN] default - Ruta inexistente
[2023-02-15T14:46:27.458] [WARN] default - Ruta inexistente
[2023-02-15T14:46:27.459] [WARN] default - Ruta inexistente
[2023-02-15T14:46:27.460] [WARN] default - Ruta inexistente
[2023-02-15T14:46:27.461] [WARN] default - Ruta inexistente
[2023-02-15T14:46:27.462] [WARN] default - Ruta inexistente
[2023-02-15T14:46:27.463] [WARN] default - Ruta inexistente
[2023-02-15T14:46:27.465] [WARN] default - Ruta inexistente
[2023-02-15T14:46:27.465] [WARN] default - Ruta inexistente
[2023-02-15T14:46:27.466] [WARN] default - Ruta inexistente
[2023-02-15T14:46:27.467] [WARN] default - Ruta inexistente
[2023-02-15T14:46:27.468] [WARN] default - Ruta inexistente
[2023-02-15T14:46:27.469] [WARN] default - Ruta inexistente
[2023-02-15T14:46:27.471] [WARN] default - Ruta inexistente
[2023-02-15T14:46:27.471] [WARN] default - Ruta inexistente
[2023-02-15T14:46:27.472] [WARN] default - Ruta inexistente
[2023-02-15T14:46:27.473] [WARN] default - Ruta inexistente
[2023-02-15T14:46:27.474] [WARN] default - Ruta inexistente
[2023-02-15T14:46:27.475] [WARN] default - Ruta inexistente
[2023-02-15T14:46:27.476] [WARN] default - Ruta inexistente
[2023-02-15T14:46:27.477] [WARN] default - Ruta inexistente
[2023-02-15T14:46:27.478] [WARN] default - Ruta inexistente
[2023-02-15T14:46:27.479] [WARN] default - Ruta inexistente
[2023-02-15T14:46:27.480] [WARN] default - Ruta inexistente
[2023-02-15T14:46:27.481] [WARN] default - Ruta inexistente
[2023-02-15T14:46:27.483] [WARN] default - Ruta inexistente
[2023-02-15T14:46:27.484] [WARN] default - Ruta inexistente
[2023-02-15T14:46:27.485] [WARN] default - Ruta inexistente
[2023-02-15T14:46:27.486] [WARN] default - Ruta inexistente
[2023-02-15T14:46:27.487] [WARN] default - Ruta inexistente
[2023-02-15T14:46:27.488] [WARN] default - Ruta inexistente
[2023-02-15T14:46:27.489] [WARN] default - Ruta inexistente
[2023-02-15T14:46:27.491] [WARN] default - Ruta inexistente
[2023-02-15T14:46:27.492] [WARN] default - Ruta inexistente
[2023-02-15T14:46:27.493] [WARN] default - Ruta inexistente
[2023-02-15T14:46:27.494] [WARN] default - Ruta inexistente
[2023-02-15T14:46:27.495] [WARN] default - Ruta inexistente
[2023-02-15T14:46:27.495] [WARN] default - Ruta inexistente
[2023-02-15T14:46:27.496] [WARN] default - Ruta inexistente
[2023-02-15T14:46:27.498] [WARN] default - Ruta inexistente
[2023-02-15T14:46:27.498] [WARN] default - Ruta inexistente
[2023-02-15T14:46:27.499] [WARN] default - Ruta inexistente
[2023-02-15T14:46:27.501] [WARN] default - Ruta inexistente
[2023-02-15T14:46:27.501] [WARN] default - Ruta inexistente
[2023-02-15T14:46:27.502] [WARN] default - Ruta inexistente
[2023-02-15T14:46:27.505] [WARN] default - Ruta inexistente
[2023-02-15T14:46:27.506] [WARN] default - Ruta inexistente
[2023-02-15T14:46:27.509] [WARN] default - Ruta inexistente
[2023-02-15T14:46:27.510] [WARN] default - Ruta inexistente
[2023-02-15T14:46:27.511] [WARN] default - Ruta inexistente
[2023-02-15T14:46:27.512] [WARN] default - Ruta inexistente
[2023-02-15T14:46:27.513] [WARN] default - Ruta inexistente
[2023-02-15T14:46:27.514] [WARN] default - Ruta inexistente
[2023-02-15T14:46:27.515] [WARN] default - Ruta inexistente
[2023-02-15T14:46:27.516] [WARN] default - Ruta inexistente
[2023-02-15T14:46:27.517] [WARN] default - Ruta inexistente
[2023-02-15T14:46:27.517] [WARN] default - Ruta inexistente
[2023-02-15T14:46:27.518] [WARN] default - Ruta inexistente
[2023-02-15T14:46:27.519] [WARN] default - Ruta inexistente
[2023-02-15T14:46:27.520] [WARN] default - Ruta inexistente
[2023-02-15T14:46:27.521] [WARN] default - Ruta inexistente
[2023-02-15T14:46:27.521] [WARN] default - Ruta inexistente
[2023-02-15T14:46:27.523] [WARN] default - Ruta inexistente
[2023-02-15T14:46:27.526] [WARN] default - Ruta inexistente
[2023-02-15T14:46:27.527] [WARN] default - Ruta inexistente
[2023-02-15T14:46:27.527] [WARN] default - Ruta inexistente
[2023-02-15T14:46:27.528] [WARN] default - Ruta inexistente
[2023-02-15T14:46:27.529] [WARN] default - Ruta inexistente
[2023-02-15T14:46:27.530] [WARN] default - Ruta inexistente
[2023-02-15T14:46:27.531] [WARN] default - Ruta inexistente
[2023-02-15T14:46:27.532] [WARN] default - Ruta inexistente
[2023-02-15T14:46:27.534] [WARN] default - Ruta inexistente
[2023-02-15T14:46:27.535] [WARN] default - Ruta inexistente
[2023-02-15T14:46:27.536] [WARN] default - Ruta inexistente
[2023-02-15T14:46:27.536] [WARN] default - Ruta inexistente
[2023-02-15T14:46:27.537] [WARN] default - Ruta inexistente
[2023-02-15T14:46:27.538] [WARN] default - Ruta inexistente
[2023-02-15T14:46:27.538] [WARN] default - Ruta inexistente
[2023-02-15T14:46:27.539] [WARN] default - Ruta inexistente
[2023-02-15T14:46:27.540] [WARN] default - Ruta inexistente
[2023-02-15T14:46:27.540] [WARN] default - Ruta inexistente
[2023-02-15T14:46:27.542] [WARN] default - Ruta inexistente
[2023-02-15T14:46:27.543] [WARN] default - Ruta inexistente
[2023-02-15T14:46:27.543] [WARN] default - Ruta inexistente
[2023-02-15T14:46:27.544] [WARN] default - Ruta inexistente
[2023-02-15T14:46:27.545] [WARN] default - Ruta inexistente
[2023-02-15T14:46:27.545] [WARN] default - Ruta inexistente
[2023-02-15T14:46:27.546] [WARN] default - Ruta inexistente
[2023-02-15T14:46:27.547] [WARN] default - Ruta inexistente
[2023-02-15T14:46:27.548] [WARN] default - Ruta inexistente
[2023-02-15T14:46:27.549] [WARN] default - Ruta inexistente
[2023-02-15T14:46:27.550] [WARN] default - Ruta inexistente
[2023-02-15T14:46:27.552] [WARN] default - Ruta inexistente
[2023-02-15T14:46:27.553] [WARN] default - Ruta inexistente
[2023-02-15T14:46:27.554] [WARN] default - Ruta inexistente
[2023-02-15T14:46:27.555] [WARN] default - Ruta inexistente
[2023-02-15T14:46:27.556] [WARN] default - Ruta inexistente
[2023-02-15T14:46:27.556] [WARN] default - Ruta inexistente
[2023-02-15T14:46:27.557] [WARN] default - Ruta inexistente
[2023-02-15T14:46:27.557] [WARN] default - Ruta inexistente
[2023-02-15T14:46:27.558] [WARN] default - Ruta inexistente
[2023-02-15T14:46:27.559] [WARN] default - Ruta inexistente
[2023-02-15T14:46:27.559] [WARN] default - Ruta inexistente
[2023-02-15T14:46:27.562] [WARN] default - Ruta inexistente
[2023-02-15T14:46:27.563] [WARN] default - Ruta inexistente
[2023-02-15T14:46:27.564] [WARN] default - Ruta inexistente
[2023-02-15T14:46:27.565] [WARN] default - Ruta inexistente
[2023-02-15T14:46:27.566] [WARN] default - Ruta inexistente
[2023-02-15T14:46:27.566] [WARN] default - Ruta inexistente
[2023-02-15T14:46:27.567] [WARN] default - Ruta inexistente
[2023-02-15T14:46:27.568] [WARN] default - Ruta inexistente
[2023-02-15T14:46:27.569] [WARN] default - Ruta inexistente
[2023-02-15T14:46:27.570] [WARN] default - Ruta inexistente
[2023-02-15T14:46:27.570] [WARN] default - Ruta inexistente
[2023-02-15T14:46:27.571] [WARN] default - Ruta inexistente
[2023-02-15T14:46:27.574] [WARN] default - Ruta inexistente
[2023-02-15T14:46:27.575] [WARN] default - Ruta inexistente
[2023-02-15T14:46:27.576] [WARN] default - Ruta inexistente
[2023-02-15T14:46:27.576] [WARN] default - Ruta inexistente
[2023-02-15T14:46:27.577] [WARN] default - Ruta inexistente
[2023-02-15T14:46:27.577] [WARN] default - Ruta inexistente
[2023-02-15T14:46:27.578] [WARN] default - Ruta inexistente
[2023-02-15T14:46:27.579] [WARN] default - Ruta inexistente
[2023-02-15T14:46:27.580] [WARN] default - Ruta inexistente
[2023-02-15T14:46:27.581] [WARN] default - Ruta inexistente
[2023-02-15T14:46:27.582] [WARN] default - Ruta inexistente
[2023-02-15T14:46:27.583] [WARN] default - Ruta inexistente
[2023-02-15T14:46:27.584] [WARN] default - Ruta inexistente
[2023-02-15T14:46:27.585] [WARN] default - Ruta inexistente
[2023-02-15T14:46:27.586] [WARN] default - Ruta inexistente
[2023-02-15T14:46:27.588] [WARN] default - Ruta inexistente
[2023-02-15T14:46:27.589] [WARN] default - Ruta inexistente
[2023-02-15T14:46:27.589] [WARN] default - Ruta inexistente
[2023-02-15T14:46:27.590] [WARN] default - Ruta inexistente
[2023-02-15T14:46:27.591] [WARN] default - Ruta inexistente
[2023-02-15T14:46:27.592] [WARN] default - Ruta inexistente
[2023-02-15T14:46:27.593] [WARN] default - Ruta inexistente
[2023-02-15T14:46:27.597] [WARN] default - Ruta inexistente
[2023-02-15T14:46:27.597] [WARN] default - Ruta inexistente
[2023-02-15T14:46:27.598] [WARN] default - Ruta inexistente
[2023-02-15T14:46:27.599] [WARN] default - Ruta inexistente
[2023-02-15T14:46:27.600] [WARN] default - Ruta inexistente
[2023-02-15T14:46:27.601] [WARN] default - Ruta inexistente
[2023-02-15T14:46:27.602] [WARN] default - Ruta inexistente
[2023-02-15T14:46:27.603] [WARN] default - Ruta inexistente
[2023-02-15T14:46:27.604] [WARN] default - Ruta inexistente
[2023-02-15T14:46:27.605] [WARN] default - Ruta inexistente
[2023-02-15T14:46:27.606] [WARN] default - Ruta inexistente
[2023-02-15T14:46:27.607] [WARN] default - Ruta inexistente
[2023-02-15T14:46:27.607] [WARN] default - Ruta inexistente
[2023-02-15T14:46:27.608] [WARN] default - Ruta inexistente
[2023-02-15T14:46:27.610] [WARN] default - Ruta inexistente
[2023-02-15T14:46:27.612] [WARN] default - Ruta inexistente
[2023-02-15T14:46:27.613] [WARN] default - Ruta inexistente
[2023-02-15T14:46:27.615] [WARN] default - Ruta inexistente
[2023-02-15T14:46:27.618] [WARN] default - Ruta inexistente
[2023-02-15T14:46:27.619] [WARN] default - Ruta inexistente
[2023-02-15T14:46:27.620] [WARN] default - Ruta inexistente
[2023-02-15T14:46:27.620] [WARN] default - Ruta inexistente
[2023-02-15T14:46:27.621] [WARN] default - Ruta inexistente
[2023-02-15T14:46:27.622] [WARN] default - Ruta inexistente
[2023-02-15T14:46:27.623] [WARN] default - Ruta inexistente
[2023-02-15T14:46:27.623] [WARN] default - Ruta inexistente
[2023-02-15T14:46:27.624] [WARN] default - Ruta inexistente
[2023-02-15T14:46:27.625] [WARN] default - Ruta inexistente
[2023-02-15T14:46:27.626] [WARN] default - Ruta inexistente
[2023-02-15T14:46:27.627] [WARN] default - Ruta inexistente
[2023-02-15T14:46:27.629] [WARN] default - Ruta inexistente
[2023-02-15T14:46:27.630] [WARN] default - Ruta inexistente
[2023-02-15T14:46:27.631] [WARN] default - Ruta inexistente
[2023-02-15T14:46:27.631] [WARN] default - Ruta inexistente
[2023-02-15T14:46:27.632] [WARN] default - Ruta inexistente
[2023-02-15T14:46:27.633] [WARN] default - Ruta inexistente
[2023-02-15T14:46:27.634] [WARN] default - Ruta inexistente
[2023-02-15T14:46:27.635] [WARN] default - Ruta inexistente
[2023-02-15T14:46:27.636] [WARN] default - Ruta inexistente
[2023-02-15T14:46:27.636] [WARN] default - Ruta inexistente
[2023-02-15T14:46:27.637] [WARN] default - Ruta inexistente
[2023-02-15T14:46:27.637] [WARN] default - Ruta inexistente
[2023-02-15T14:46:27.638] [WARN] default - Ruta inexistente
[2023-02-15T14:46:27.638] [WARN] default - Ruta inexistente
[2023-02-15T14:46:27.639] [WARN] default - Ruta inexistente
[2023-02-15T14:46:27.640] [WARN] default - Ruta inexistente
[2023-02-15T14:46:27.640] [WARN] default - Ruta inexistente
[2023-02-15T14:46:27.641] [WARN] default - Ruta inexistente
[2023-02-15T14:46:27.642] [WARN] default - Ruta inexistente
[2023-02-15T14:46:27.643] [WARN] default - Ruta inexistente
[2023-02-15T14:46:27.644] [WARN] default - Ruta inexistente
[2023-02-15T14:46:27.645] [WARN] default - Ruta inexistente
[2023-02-15T14:46:27.646] [WARN] default - Ruta inexistente
[2023-02-15T14:46:27.647] [WARN] default - Ruta inexistente
[2023-02-15T14:46:27.648] [WARN] default - Ruta inexistente
[2023-02-15T14:46:27.649] [WARN] default - Ruta inexistente
[2023-02-15T14:46:27.650] [WARN] default - Ruta inexistente
[2023-02-15T14:46:27.650] [WARN] default - Ruta inexistente
[2023-02-15T14:46:27.651] [WARN] default - Ruta inexistente
[2023-02-15T14:46:27.652] [WARN] default - Ruta inexistente
[2023-02-15T14:46:27.653] [WARN] default - Ruta inexistente
[2023-02-15T14:46:27.654] [WARN] default - Ruta inexistente
[2023-02-15T14:46:27.655] [WARN] default - Ruta inexistente
[2023-02-15T14:46:27.655] [WARN] default - Ruta inexistente
[2023-02-15T14:46:27.657] [WARN] default - Ruta inexistente
[2023-02-15T14:46:27.657] [WARN] default - Ruta inexistente
[2023-02-15T14:46:27.658] [WARN] default - Ruta inexistente
[2023-02-15T14:46:27.659] [WARN] default - Ruta inexistente
[2023-02-15T14:46:27.660] [WARN] default - Ruta inexistente
[2023-02-15T14:46:27.661] [WARN] default - Ruta inexistente
[2023-02-15T14:46:27.662] [WARN] default - Ruta inexistente
[2023-02-15T14:46:27.662] [WARN] default - Ruta inexistente
[2023-02-15T14:46:27.663] [WARN] default - Ruta inexistente
[2023-02-15T14:46:27.664] [WARN] default - Ruta inexistente
[2023-02-15T14:46:27.665] [WARN] default - Ruta inexistente
[2023-02-15T14:46:27.666] [WARN] default - Ruta inexistente
[2023-02-15T14:46:27.666] [WARN] default - Ruta inexistente
[2023-02-15T14:46:27.668] [WARN] default - Ruta inexistente
[2023-02-15T14:46:27.670] [WARN] default - Ruta inexistente
[2023-02-15T14:46:27.671] [WARN] default - Ruta inexistente
[2023-02-15T14:46:27.672] [WARN] default - Ruta inexistente
[2023-02-15T14:46:27.674] [WARN] default - Ruta inexistente
[2023-02-15T14:46:27.679] [WARN] default - Ruta inexistente
[2023-02-15T14:46:27.680] [WARN] default - Ruta inexistente
[2023-02-15T14:46:27.681] [WARN] default - Ruta inexistente
[2023-02-15T14:46:27.682] [WARN] default - Ruta inexistente
[2023-02-15T14:46:27.683] [WARN] default - Ruta inexistente
[2023-02-15T14:46:27.684] [WARN] default - Ruta inexistente
[2023-02-15T14:46:27.685] [WARN] default - Ruta inexistente
[2023-02-15T14:46:27.685] [WARN] default - Ruta inexistente
[2023-02-15T14:46:27.686] [WARN] default - Ruta inexistente
[2023-02-15T14:46:27.687] [WARN] default - Ruta inexistente
[2023-02-15T14:46:27.688] [WARN] default - Ruta inexistente
[2023-02-15T14:46:27.690] [WARN] default - Ruta inexistente
[2023-02-15T14:46:27.690] [WARN] default - Ruta inexistente
[2023-02-15T14:46:27.691] [WARN] default - Ruta inexistente
[2023-02-15T14:46:27.692] [WARN] default - Ruta inexistente
[2023-02-15T14:46:27.693] [WARN] default - Ruta inexistente
[2023-02-15T14:46:27.694] [WARN] default - Ruta inexistente
[2023-02-15T14:46:27.694] [WARN] default - Ruta inexistente
[2023-02-15T14:46:27.695] [WARN] default - Ruta inexistente
[2023-02-15T14:46:27.696] [WARN] default - Ruta inexistente
[2023-02-15T14:46:27.696] [WARN] default - Ruta inexistente
[2023-02-15T14:46:27.697] [WARN] default - Ruta inexistente
[2023-02-15T14:46:27.697] [WARN] default - Ruta inexistente
[2023-02-15T14:46:27.698] [WARN] default - Ruta inexistente
[2023-02-15T14:46:27.698] [WARN] default - Ruta inexistente
[2023-02-15T14:46:27.699] [WARN] default - Ruta inexistente
[2023-02-15T14:46:27.700] [WARN] default - Ruta inexistente
[2023-02-15T14:46:27.701] [WARN] default - Ruta inexistente
[2023-02-15T14:46:27.701] [WARN] default - Ruta inexistente
[2023-02-15T14:46:27.702] [WARN] default - Ruta inexistente
[2023-02-15T14:46:27.704] [WARN] default - Ruta inexistente
[2023-02-15T14:46:27.705] [WARN] default - Ruta inexistente
[2023-02-15T14:46:27.706] [WARN] default - Ruta inexistente
[2023-02-15T14:46:27.707] [WARN] default - Ruta inexistente
[2023-02-15T14:46:27.709] [WARN] default - Ruta inexistente
[2023-02-15T14:46:27.710] [WARN] default - Ruta inexistente
[2023-02-15T14:46:27.711] [WARN] default - Ruta inexistente
[2023-02-15T14:46:27.712] [WARN] default - Ruta inexistente
[2023-02-15T14:46:27.712] [WARN] default - Ruta inexistente
[2023-02-15T14:46:27.713] [WARN] default - Ruta inexistente
[2023-02-15T14:46:27.714] [WARN] default - Ruta inexistente
[2023-02-15T14:46:27.715] [WARN] default - Ruta inexistente
[2023-02-15T14:46:27.716] [WARN] default - Ruta inexistente
[2023-02-15T14:46:27.717] [WARN] default - Ruta inexistente
[2023-02-15T14:46:27.718] [WARN] default - Ruta inexistente
[2023-02-15T14:46:27.719] [WARN] default - Ruta inexistente
[2023-02-15T14:46:27.720] [WARN] default - Ruta inexistente
[2023-02-15T14:46:27.721] [WARN] default - Ruta inexistente
[2023-02-15T14:46:27.721] [WARN] default - Ruta inexistente
[2023-02-15T14:46:27.722] [WARN] default - Ruta inexistente
[2023-02-15T14:46:27.723] [WARN] default - Ruta inexistente
[2023-02-15T14:46:27.724] [WARN] default - Ruta inexistente
[2023-02-15T14:46:27.724] [WARN] default - Ruta inexistente
[2023-02-15T14:46:27.725] [WARN] default - Ruta inexistente
[2023-02-15T14:46:27.726] [WARN] default - Ruta inexistente
[2023-02-15T14:46:27.727] [WARN] default - Ruta inexistente
[2023-02-15T14:46:27.728] [WARN] default - Ruta inexistente
[2023-02-15T14:46:27.728] [WARN] default - Ruta inexistente
[2023-02-15T14:46:27.729] [WARN] default - Ruta inexistente
[2023-02-15T14:46:27.730] [WARN] default - Ruta inexistente
[2023-02-15T14:46:27.734] [WARN] default - Ruta inexistente
[2023-02-15T14:46:27.735] [WARN] default - Ruta inexistente
[2023-02-15T14:46:27.736] [WARN] default - Ruta inexistente
[2023-02-15T14:46:27.737] [WARN] default - Ruta inexistente
[2023-02-15T14:46:27.738] [WARN] default - Ruta inexistente
[2023-02-15T14:46:27.739] [WARN] default - Ruta inexistente
[2023-02-15T14:46:27.740] [WARN] default - Ruta inexistente
[2023-02-15T14:46:27.741] [WARN] default - Ruta inexistente
[2023-02-15T14:46:27.742] [WARN] default - Ruta inexistente
[2023-02-15T14:46:27.742] [WARN] default - Ruta inexistente
[2023-02-15T14:46:27.743] [WARN] default - Ruta inexistente
[2023-02-15T14:46:27.744] [WARN] default - Ruta inexistente
[2023-02-15T14:46:27.745] [WARN] default - Ruta inexistente
[2023-02-15T14:46:27.746] [WARN] default - Ruta inexistente
[2023-02-15T14:46:27.747] [WARN] default - Ruta inexistente
[2023-02-15T14:46:27.748] [WARN] default - Ruta inexistente
[2023-02-15T14:46:27.749] [WARN] default - Ruta inexistente
[2023-02-15T14:46:27.750] [WARN] default - Ruta inexistente
[2023-02-15T14:46:27.750] [WARN] default - Ruta inexistente
[2023-02-15T14:46:27.751] [WARN] default - Ruta inexistente
[2023-02-15T14:46:27.754] [WARN] default - Ruta inexistente
[2023-02-15T14:46:27.755] [WARN] default - Ruta inexistente
[2023-02-15T14:46:27.756] [WARN] default - Ruta inexistente
[2023-02-15T14:46:27.757] [WARN] default - Ruta inexistente
[2023-02-15T14:46:27.758] [WARN] default - Ruta inexistente
[2023-02-15T14:46:27.759] [WARN] default - Ruta inexistente
[2023-02-15T14:46:27.760] [WARN] default - Ruta inexistente
[2023-02-15T14:46:27.760] [WARN] default - Ruta inexistente
[2023-02-15T14:46:27.761] [WARN] default - Ruta inexistente
[2023-02-15T14:46:27.762] [WARN] default - Ruta inexistente
[2023-02-15T14:46:27.763] [WARN] default - Ruta inexistente
[2023-02-15T14:46:27.763] [WARN] default - Ruta inexistente
[2023-02-15T14:46:27.764] [WARN] default - Ruta inexistente
[2023-02-15T14:46:27.765] [WARN] default - Ruta inexistente
[2023-02-15T14:46:27.766] [WARN] default - Ruta inexistente
[2023-02-15T14:46:27.767] [WARN] default - Ruta inexistente
[2023-02-15T14:46:27.768] [WARN] default - Ruta inexistente
[2023-02-15T14:46:27.769] [WARN] default - Ruta inexistente
[2023-02-15T14:46:27.770] [WARN] default - Ruta inexistente
[2023-02-15T14:46:27.772] [WARN] default - Ruta inexistente
[2023-02-15T14:46:27.774] [WARN] default - Ruta inexistente
[2023-02-15T14:46:27.776] [WARN] default - Ruta inexistente
[2023-02-15T14:46:27.776] [WARN] default - Ruta inexistente
[2023-02-15T14:46:27.777] [WARN] default - Ruta inexistente
[2023-02-15T14:46:27.778] [WARN] default - Ruta inexistente
[2023-02-15T14:46:27.779] [WARN] default - Ruta inexistente
[2023-02-15T14:46:27.779] [WARN] default - Ruta inexistente
[2023-02-15T14:46:27.781] [WARN] default - Ruta inexistente
[2023-02-15T14:46:27.782] [WARN] default - Ruta inexistente
[2023-02-15T14:46:27.783] [WARN] default - Ruta inexistente
[2023-02-15T14:46:27.784] [WARN] default - Ruta inexistente
[2023-02-15T14:46:27.785] [WARN] default - Ruta inexistente
[2023-02-15T14:46:27.786] [WARN] default - Ruta inexistente
[2023-02-15T14:46:27.787] [WARN] default - Ruta inexistente
[2023-02-15T14:46:27.787] [WARN] default - Ruta inexistente
[2023-02-15T14:46:27.788] [WARN] default - Ruta inexistente
[2023-02-15T14:46:27.789] [WARN] default - Ruta inexistente
[2023-02-15T14:46:27.790] [WARN] default - Ruta inexistente
[2023-02-15T14:46:27.790] [WARN] default - Ruta inexistente
[2023-02-15T14:46:27.791] [WARN] default - Ruta inexistente
[2023-02-15T14:46:27.794] [WARN] default - Ruta inexistente
[2023-02-15T14:46:27.795] [WARN] default - Ruta inexistente
[2023-02-15T14:46:27.796] [WARN] default - Ruta inexistente
[2023-02-15T14:46:27.797] [WARN] default - Ruta inexistente
[2023-02-15T14:46:27.801] [WARN] default - Ruta inexistente
[2023-02-15T14:46:27.802] [WARN] default - Ruta inexistente
[2023-02-15T14:46:27.803] [WARN] default - Ruta inexistente
[2023-02-15T14:46:27.804] [WARN] default - Ruta inexistente
[2023-02-15T14:46:27.805] [WARN] default - Ruta inexistente
[2023-02-15T14:46:27.806] [WARN] default - Ruta inexistente
[2023-02-15T14:46:27.807] [WARN] default - Ruta inexistente
[2023-02-15T14:46:27.807] [WARN] default - Ruta inexistente
[2023-02-15T14:46:27.808] [WARN] default - Ruta inexistente
[2023-02-15T14:46:27.809] [WARN] default - Ruta inexistente
[2023-02-15T14:46:27.810] [WARN] default - Ruta inexistente
[2023-02-15T14:46:27.811] [WARN] default - Ruta inexistente
[2023-02-15T14:46:27.812] [WARN] default - Ruta inexistente
[2023-02-15T14:46:27.812] [WARN] default - Ruta inexistente
[2023-02-15T14:46:27.813] [WARN] default - Ruta inexistente
[2023-02-15T14:46:27.814] [WARN] default - Ruta inexistente
[2023-02-15T14:46:27.815] [WARN] default - Ruta inexistente
[2023-02-15T14:46:27.815] [WARN] default - Ruta inexistente
[2023-02-15T14:46:27.816] [WARN] default - Ruta inexistente
[2023-02-15T14:46:27.817] [WARN] default - Ruta inexistente
[2023-02-15T14:46:27.818] [WARN] default - Ruta inexistente
[2023-02-15T14:46:27.821] [WARN] default - Ruta inexistente
[2023-02-15T14:46:27.822] [WARN] default - Ruta inexistente
[2023-02-15T14:46:27.823] [WARN] default - Ruta inexistente
[2023-02-15T14:46:27.824] [WARN] default - Ruta inexistente
[2023-02-15T14:46:27.826] [WARN] default - Ruta inexistente
[2023-02-15T14:46:27.827] [WARN] default - Ruta inexistente
[2023-02-15T14:46:27.840] [WARN] default - Ruta inexistente
[2023-02-15T14:46:27.841] [WARN] default - Ruta inexistente
[2023-02-15T14:46:27.842] [WARN] default - Ruta inexistente
[2023-02-15T14:46:27.844] [WARN] default - Ruta inexistente
[2023-02-15T14:46:27.845] [WARN] default - Ruta inexistente
[2023-02-15T14:46:27.847] [WARN] default - Ruta inexistente
[2023-02-15T14:46:27.848] [WARN] default - Ruta inexistente
[2023-02-15T14:46:27.849] [WARN] default - Ruta inexistente
[2023-02-15T14:46:27.850] [WARN] default - Ruta inexistente
[2023-02-15T14:46:27.850] [WARN] default - Ruta inexistente
[2023-02-15T14:46:27.851] [WARN] default - Ruta inexistente
[2023-02-15T14:46:27.851] [WARN] default - Ruta inexistente
[2023-02-15T14:46:27.852] [WARN] default - Ruta inexistente
[2023-02-15T14:46:27.853] [WARN] default - Ruta inexistente
[2023-02-15T14:46:27.853] [WARN] default - Ruta inexistente
[2023-02-15T14:46:27.854] [WARN] default - Ruta inexistente
[2023-02-15T14:46:27.855] [WARN] default - Ruta inexistente
[2023-02-15T14:46:27.856] [WARN] default - Ruta inexistente
[2023-02-15T14:46:27.856] [WARN] default - Ruta inexistente
[2023-02-15T14:46:27.857] [WARN] default - Ruta inexistente
[2023-02-15T14:46:27.858] [WARN] default - Ruta inexistente
[2023-02-15T14:46:27.860] [WARN] default - Ruta inexistente
[2023-02-15T14:46:27.861] [WARN] default - Ruta inexistente
[2023-02-15T14:46:27.862] [WARN] default - Ruta inexistente
[2023-02-15T14:46:27.863] [WARN] default - Ruta inexistente
[2023-02-15T14:46:27.865] [WARN] default - Ruta inexistente
[2023-02-15T14:46:27.866] [WARN] default - Ruta inexistente
[2023-02-15T14:46:27.867] [WARN] default - Ruta inexistente
[2023-02-15T14:46:27.868] [WARN] default - Ruta inexistente
[2023-02-15T14:46:27.869] [WARN] default - Ruta inexistente
[2023-02-15T14:46:27.870] [WARN] default - Ruta inexistente
[2023-02-15T14:46:27.870] [WARN] default - Ruta inexistente
[2023-02-15T14:46:27.871] [WARN] default - Ruta inexistente
[2023-02-15T14:46:27.872] [WARN] default - Ruta inexistente
[2023-02-15T14:46:27.873] [WARN] default - Ruta inexistente
[2023-02-15T14:46:27.874] [WARN] default - Ruta inexistente
[2023-02-15T14:46:27.875] [WARN] default - Ruta inexistente
[2023-02-15T14:46:27.877] [WARN] default - Ruta inexistente
[2023-02-15T14:46:27.877] [WARN] default - Ruta inexistente
[2023-02-15T14:46:27.878] [WARN] default - Ruta inexistente
[2023-02-15T14:46:27.879] [WARN] default - Ruta inexistente
[2023-02-15T14:46:27.880] [WARN] default - Ruta inexistente
[2023-02-15T14:46:27.880] [WARN] default - Ruta inexistente
[2023-02-15T14:46:27.881] [WARN] default - Ruta inexistente
[2023-02-15T14:46:27.881] [WARN] default - Ruta inexistente
[2023-02-15T14:46:27.882] [WARN] default - Ruta inexistente
[2023-02-15T14:46:27.883] [WARN] default - Ruta inexistente
[2023-02-15T14:46:27.884] [WARN] default - Ruta inexistente
[2023-02-15T14:46:27.885] [WARN] default - Ruta inexistente
[2023-02-15T14:46:27.886] [WARN] default - Ruta inexistente
[2023-02-15T14:46:27.887] [WARN] default - Ruta inexistente
[2023-02-15T14:46:27.889] [WARN] default - Ruta inexistente
[2023-02-15T14:46:27.890] [WARN] default - Ruta inexistente
[2023-02-15T14:46:27.890] [WARN] default - Ruta inexistente
[2023-02-15T14:46:27.891] [WARN] default - Ruta inexistente
[2023-02-15T14:46:27.893] [WARN] default - Ruta inexistente
[2023-02-15T14:46:27.894] [WARN] default - Ruta inexistente
[2023-02-15T14:46:27.894] [WARN] default - Ruta inexistente
[2023-02-15T14:46:27.896] [WARN] default - Ruta inexistente
[2023-02-15T14:46:27.897] [WARN] default - Ruta inexistente
[2023-02-15T14:46:27.899] [WARN] default - Ruta inexistente
[2023-02-15T14:46:27.901] [WARN] default - Ruta inexistente
[2023-02-15T14:46:27.902] [WARN] default - Ruta inexistente
[2023-02-15T14:46:27.903] [WARN] default - Ruta inexistente
[2023-02-15T14:46:27.904] [WARN] default - Ruta inexistente
[2023-02-15T14:46:27.904] [WARN] default - Ruta inexistente
[2023-02-15T14:46:27.905] [WARN] default - Ruta inexistente
[2023-02-15T14:46:27.906] [WARN] default - Ruta inexistente
[2023-02-15T14:46:27.907] [WARN] default - Ruta inexistente
[2023-02-15T14:46:27.907] [WARN] default - Ruta inexistente
[2023-02-15T14:46:27.908] [WARN] default - Ruta inexistente
[2023-02-15T14:46:27.909] [WARN] default - Ruta inexistente
[2023-02-15T14:46:27.910] [WARN] default - Ruta inexistente
[2023-02-15T14:46:27.910] [WARN] default - Ruta inexistente
[2023-02-15T14:46:27.911] [WARN] default - Ruta inexistente
[2023-02-15T14:46:27.912] [WARN] default - Ruta inexistente
[2023-02-15T14:46:27.913] [WARN] default - Ruta inexistente
[2023-02-15T14:46:27.914] [WARN] default - Ruta inexistente
[2023-02-15T14:46:27.914] [WARN] default - Ruta inexistente
[2023-02-15T14:46:27.917] [WARN] default - Ruta inexistente
[2023-02-15T14:46:27.917] [WARN] default - Ruta inexistente
[2023-02-15T14:46:27.919] [WARN] default - Ruta inexistente
[2023-02-15T14:46:27.920] [WARN] default - Ruta inexistente
[2023-02-15T14:46:27.922] [WARN] default - Ruta inexistente
[2023-02-15T14:46:27.923] [WARN] default - Ruta inexistente
[2023-02-15T14:46:27.924] [WARN] default - Ruta inexistente
[2023-02-15T14:46:27.926] [WARN] default - Ruta inexistente
[2023-02-15T14:46:27.928] [WARN] default - Ruta inexistente
[2023-02-15T14:46:27.930] [WARN] default - Ruta inexistente
[2023-02-15T14:46:27.932] [WARN] default - Ruta inexistente
[2023-02-15T14:46:27.932] [WARN] default - Ruta inexistente
[2023-02-15T14:46:27.933] [WARN] default - Ruta inexistente
[2023-02-15T14:46:27.934] [WARN] default - Ruta inexistente
[2023-02-15T14:46:27.935] [WARN] default - Ruta inexistente
[2023-02-15T14:46:27.936] [WARN] default - Ruta inexistente
[2023-02-15T14:46:27.937] [WARN] default - Ruta inexistente
[2023-02-15T14:46:27.938] [WARN] default - Ruta inexistente
[2023-02-15T14:46:27.939] [WARN] default - Ruta inexistente
[2023-02-15T14:46:27.940] [WARN] default - Ruta inexistente
[2023-02-15T14:46:27.941] [WARN] default - Ruta inexistente
[2023-02-15T14:46:27.942] [WARN] default - Ruta inexistente
[2023-02-15T14:46:27.943] [WARN] default - Ruta inexistente
[2023-02-15T14:46:27.944] [WARN] default - Ruta inexistente
[2023-02-15T14:46:27.944] [WARN] default - Ruta inexistente
[2023-02-15T14:46:27.945] [WARN] default - Ruta inexistente
[2023-02-15T14:46:27.945] [WARN] default - Ruta inexistente
[2023-02-15T14:46:27.946] [WARN] default - Ruta inexistente
[2023-02-15T14:46:27.947] [WARN] default - Ruta inexistente
[2023-02-15T14:46:27.947] [WARN] default - Ruta inexistente
[2023-02-15T14:46:27.948] [WARN] default - Ruta inexistente
[2023-02-15T14:46:27.949] [WARN] default - Ruta inexistente
[2023-02-15T14:46:27.949] [WARN] default - Ruta inexistente
[2023-02-15T14:46:27.951] [WARN] default - Ruta inexistente
[2023-02-15T14:46:27.952] [WARN] default - Ruta inexistente
[2023-02-15T14:46:27.953] [WARN] default - Ruta inexistente
[2023-02-15T14:46:27.954] [WARN] default - Ruta inexistente
[2023-02-15T14:46:27.958] [WARN] default - Ruta inexistente
[2023-02-15T14:46:27.959] [WARN] default - Ruta inexistente
[2023-02-15T14:46:27.960] [WARN] default - Ruta inexistente
[2023-02-15T14:46:27.961] [WARN] default - Ruta inexistente
[2023-02-15T14:46:27.964] [WARN] default - Ruta inexistente
[2023-02-15T14:46:27.966] [WARN] default - Ruta inexistente
[2023-02-15T14:46:27.968] [WARN] default - Ruta inexistente
[2023-02-15T14:46:27.970] [WARN] default - Ruta inexistente
[2023-02-15T14:46:27.971] [WARN] default - Ruta inexistente
[2023-02-15T14:46:27.971] [WARN] default - Ruta inexistente
[2023-02-15T14:46:27.972] [WARN] default - Ruta inexistente
[2023-02-15T14:46:27.973] [WARN] default - Ruta inexistente
[2023-02-15T14:46:27.974] [WARN] default - Ruta inexistente
[2023-02-15T14:46:27.975] [WARN] default - Ruta inexistente
[2023-02-15T14:46:27.977] [WARN] default - Ruta inexistente
[2023-02-15T14:46:27.977] [WARN] default - Ruta inexistente
[2023-02-15T14:46:27.978] [WARN] default - Ruta inexistente
[2023-02-15T14:46:27.979] [WARN] default - Ruta inexistente
[2023-02-15T14:46:27.980] [WARN] default - Ruta inexistente
[2023-02-15T14:46:27.981] [WARN] default - Ruta inexistente
[2023-02-15T14:46:27.982] [WARN] default - Ruta inexistente
[2023-02-15T14:46:27.982] [WARN] default - Ruta inexistente
[2023-02-15T14:46:27.983] [WARN] default - Ruta inexistente
[2023-02-15T14:46:27.985] [WARN] default - Ruta inexistente
[2023-02-15T14:46:27.986] [WARN] default - Ruta inexistente
[2023-02-15T14:46:27.987] [WARN] default - Ruta inexistente
[2023-02-15T14:46:27.988] [WARN] default - Ruta inexistente
[2023-02-15T14:46:27.989] [WARN] default - Ruta inexistente
[2023-02-15T14:46:27.991] [WARN] default - Ruta inexistente
[2023-02-15T14:46:27.992] [WARN] default - Ruta inexistente
[2023-02-15T14:46:27.994] [WARN] default - Ruta inexistente
[2023-02-15T14:46:27.995] [WARN] default - Ruta inexistente
[2023-02-15T14:46:27.997] [WARN] default - Ruta inexistente
[2023-02-15T14:46:27.999] [WARN] default - Ruta inexistente
[2023-02-15T14:46:27.999] [WARN] default - Ruta inexistente
[2023-02-15T14:46:28.001] [WARN] default - Ruta inexistente
[2023-02-15T14:46:28.001] [WARN] default - Ruta inexistente
[2023-02-15T14:46:28.002] [WARN] default - Ruta inexistente
[2023-02-15T14:46:28.003] [WARN] default - Ruta inexistente
[2023-02-15T14:46:28.003] [WARN] default - Ruta inexistente
[2023-02-15T14:46:28.004] [WARN] default - Ruta inexistente
[2023-02-15T14:46:28.005] [WARN] default - Ruta inexistente
[2023-02-15T14:46:28.006] [WARN] default - Ruta inexistente
[2023-02-15T14:46:28.007] [WARN] default - Ruta inexistente
[2023-02-15T14:46:28.007] [WARN] default - Ruta inexistente
[2023-02-15T14:46:28.008] [WARN] default - Ruta inexistente
[2023-02-15T14:46:28.009] [WARN] default - Ruta inexistente
[2023-02-15T14:46:28.010] [WARN] default - Ruta inexistente
[2023-02-15T14:46:28.010] [WARN] default - Ruta inexistente
[2023-02-15T14:46:28.011] [WARN] default - Ruta inexistente
[2023-02-15T14:46:28.012] [WARN] default - Ruta inexistente
[2023-02-15T14:46:28.013] [WARN] default - Ruta inexistente
[2023-02-15T14:46:28.014] [WARN] default - Ruta inexistente
